INFO 2024-12-24 14:39:42,010 autoreload 7 140631820114816
Watching for file changes with StatReloader

INFO 2024-12-24 14:42:52,052 basehttp 7 140631756244672
"GET /challenges/rps HTTP/1.1" 200 32710

INFO 2024-12-24 14:42:52,658 basehttp 7 140631745758912
"GET /assets/css/header.css HTTP/1.1" 200 468

INFO 2024-12-24 14:42:52,660 basehttp 7 140631756244672
"GET /assets/css/base.css HTTP/1.1" 200 1218

INFO 2024-12-24 14:42:52,742 basehttp 7 140631735273152
"GET /assets/img/megacodist-3.png HTTP/1.1" 200 22201

INFO 2024-12-24 14:42:53,166 basehttp 7 140631745758912
"GET /assets/debug_toolbar/js/toolbar.js HTTP/1.1" 200 14601

INFO 2024-12-24 14:42:53,297 basehttp 7 140631735273152
"GET /assets/challenges/rps/rock.png HTTP/1.1" 200 25051

INFO 2024-12-24 14:42:53,343 basehttp 7 140631756244672
"GET /assets/challenges/rps/paper.png HTTP/1.1" 200 24639

INFO 2024-12-24 14:42:54,079 basehttp 7 140631756244672
"GET /assets/challenges/rps/scissors.png HTTP/1.1" 200 25350

INFO 2024-12-24 14:42:54,125 basehttp 7 140631735273152
"GET /assets/css/footer.css HTTP/1.1" 200 1166

INFO 2024-12-24 14:42:54,210 basehttp 7 140631756244672
"GET /assets/css/beating-transition.css HTTP/1.1" 200 597

INFO 2024-12-24 14:43:16,062 basehttp 7 140631756244672
"GET /assets/debug_toolbar/css/toolbar.css HTTP/1.1" 200 16675

INFO 2024-12-24 14:43:17,370 basehttp 7 140631745758912
"GET /assets/debug_toolbar/js/utils.js HTTP/1.1" 200 4742

INFO 2024-12-24 14:43:17,426 basehttp 7 140631735273152
"GET /assets/debug_toolbar/css/print.css HTTP/1.1" 200 43

INFO 2024-12-24 14:43:17,558 basehttp 7 140631756244672
"GET /assets/img/banner.png HTTP/1.1" 200 178072

INFO 2024-12-24 14:43:18,395 basehttp 7 140631756244672
"GET /assets/img/favicon.ico HTTP/1.1" 200 130095

INFO 2024-12-24 14:43:35,847 basehttp 7 140631735273152
"GET /challenges/random-data HTTP/1.1" 200 19719

INFO 2024-12-24 14:43:39,636 basehttp 7 140631735273152
"GET /assets/css/base.css HTTP/1.1" 200 1218

INFO 2024-12-24 14:43:42,010 basehttp 7 140631745758912
"GET /assets/challenges/random_data/style.css HTTP/1.1" 200 443

INFO 2024-12-24 14:43:42,818 basehttp 7 140631634609856
"GET /assets/debug_toolbar/js/toolbar.js HTTP/1.1" 200 14601

INFO 2024-12-24 14:43:42,819 basehttp 7 140631655581376
"GET /assets/img/megacodist-3.png HTTP/1.1" 200 22201

INFO 2024-12-24 14:43:42,820 basehttp 7 140631645095616
"GET /assets/css/footer.css HTTP/1.1" 200 1166

INFO 2024-12-24 14:43:42,820 basehttp 7 140631756244672
"GET /assets/css/header.css HTTP/1.1" 200 468

INFO 2024-12-24 14:43:48,425 basehttp 7 140631634609856
"GET /assets/css/beating-transition.css HTTP/1.1" 200 597

INFO 2024-12-24 14:43:48,429 basehttp 7 140631655581376
"GET /assets/debug_toolbar/css/toolbar.css HTTP/1.1" 200 16675

INFO 2024-12-24 14:43:50,292 basehttp 7 140631745758912
"GET /assets/challenges/random_data/script.js HTTP/1.1" 200 6269

INFO 2024-12-24 14:43:50,712 basehttp 7 140631756244672
"GET /assets/img/banner.png HTTP/1.1" 200 178072

INFO 2024-12-24 14:43:52,646 basehttp 7 140631634609856
"GET /assets/debug_toolbar/js/utils.js HTTP/1.1" 200 4742

INFO 2024-12-24 14:43:53,925 basehttp 7 140631655581376
"GET /assets/debug_toolbar/css/print.css HTTP/1.1" 200 43

INFO 2024-12-24 14:44:17,609 basehttp 7 140631634609856
"GET /challenges/random-data HTTP/1.1" 200 19717

INFO 2024-12-24 14:44:18,997 basehttp 7 140631634609856
"GET /assets/css/base.css HTTP/1.1" 200 1218

INFO 2024-12-24 14:44:19,009 basehttp 7 140631655581376
"GET /assets/challenges/random_data/style.css HTTP/1.1" 200 443

INFO 2024-12-24 14:44:19,189 basehttp 7 140631735273152
"GET /assets/css/footer.css HTTP/1.1" 200 1166

INFO 2024-12-24 14:44:19,190 basehttp 7 140631645095616
"GET /assets/img/megacodist-3.png HTTP/1.1" 200 22201

INFO 2024-12-24 14:44:19,192 basehttp 7 140631756244672
"GET /assets/debug_toolbar/js/toolbar.js HTTP/1.1" 200 14601

INFO 2024-12-24 14:44:19,192 basehttp 7 140631745758912
"GET /assets/css/header.css HTTP/1.1" 200 468

INFO 2024-12-24 14:44:19,660 basehttp 7 140631756244672
"GET /assets/css/beating-transition.css HTTP/1.1" 200 597

INFO 2024-12-24 14:44:41,776 basehttp 7 140631756244672
"GET /assets/debug_toolbar/css/toolbar.css HTTP/1.1" 200 16675

INFO 2024-12-24 14:44:41,823 basehttp 7 140631756244672
"GET /assets/challenges/random_data/script.js HTTP/1.1" 200 6269

INFO 2024-12-24 14:44:41,925 basehttp 7 140631756244672
"GET /assets/debug_toolbar/css/print.css HTTP/1.1" 200 43

INFO 2024-12-24 14:44:42,010 basehttp 7 140631756244672
"GET /assets/debug_toolbar/js/utils.js HTTP/1.1" 200 4742

INFO 2024-12-24 14:44:42,082 basehttp 7 140631756244672
"GET /assets/img/banner.png HTTP/1.1" 200 178072

INFO 2024-12-24 14:44:43,654 basehttp 7 140631756244672
"GET /assets/img/favicon.ico HTTP/1.1" 200 130095

INFO 2024-12-24 14:48:58,094 basehttp 7 140631655581376
"GET /challenges/random-data HTTP/1.1" 200 19717

INFO 2024-12-24 14:49:00,541 basehttp 7 140631655581376
"GET /assets/css/base.css HTTP/1.1" 200 1218

INFO 2024-12-24 14:49:00,542 basehttp 7 140631634609856
"GET /assets/challenges/random_data/style.css HTTP/1.1" 200 443

INFO 2024-12-24 14:49:00,796 basehttp 7 140631735273152
"GET /assets/img/megacodist-3.png HTTP/1.1" 200 22201

INFO 2024-12-24 14:49:00,799 basehttp 7 140631745758912
"GET /assets/css/header.css HTTP/1.1" 200 468

INFO 2024-12-24 14:49:00,840 basehttp 7 140631756244672
"GET /assets/debug_toolbar/js/toolbar.js HTTP/1.1" 200 14601

INFO 2024-12-24 14:49:00,843 basehttp 7 140631645095616
"GET /assets/css/footer.css HTTP/1.1" 200 1166

INFO 2024-12-24 14:49:01,356 basehttp 7 140631735273152
"GET /assets/css/beating-transition.css HTTP/1.1" 200 597

INFO 2024-12-24 14:49:01,361 basehttp 7 140631634609856
"GET /assets/challenges/random_data/script.js HTTP/1.1" 200 6269

INFO 2024-12-24 14:49:01,402 basehttp 7 140631745758912
"GET /assets/debug_toolbar/css/toolbar.css HTTP/1.1" 200 16675

INFO 2024-12-24 14:49:01,736 basehttp 7 140631655581376
"GET /assets/img/banner.png HTTP/1.1" 200 178072

INFO 2024-12-24 14:49:04,582 basehttp 7 140631634609856
"GET /assets/debug_toolbar/js/utils.js HTTP/1.1" 200 4742

INFO 2024-12-24 14:49:05,470 basehttp 7 140631745758912
"GET /assets/debug_toolbar/css/print.css HTTP/1.1" 200 43

INFO 2024-12-24 14:49:06,489 basehttp 7 140631745758912
"GET /assets/img/favicon.ico HTTP/1.1" 200 130095

WARNING 2024-12-24 14:49:06,741 log 7 140631655581376
Not Found: /challenges/challenges/random-data

WARNING 2024-12-24 14:49:06,742 basehttp 7 140631655581376
"GET /challenges/challenges/random-data?data-type=int HTTP/1.1" 404 17527

INFO 2024-12-24 14:56:43,218 basehttp 7 140631634609856
"GET /challenges/random-data HTTP/1.1" 200 19717

INFO 2024-12-24 14:56:46,556 basehttp 7 140631634609856
"GET /assets/css/base.css HTTP/1.1" 200 1218

INFO 2024-12-24 14:56:46,557 basehttp 7 140631655581376
"GET /assets/challenges/random_data/style.css HTTP/1.1" 200 443

INFO 2024-12-24 14:56:46,622 basehttp 7 140631756244672
"GET /assets/css/header.css HTTP/1.1" 200 468

INFO 2024-12-24 14:56:46,625 basehttp 7 140631745758912
"GET /assets/debug_toolbar/js/toolbar.js HTTP/1.1" 200 14601

INFO 2024-12-24 14:56:46,864 basehttp 7 140631756244672
"GET /assets/img/megacodist-3.png HTTP/1.1" 200 22201

INFO 2024-12-24 14:56:46,884 basehttp 7 140631745758912
"GET /assets/css/footer.css HTTP/1.1" 200 1166

INFO 2024-12-24 14:56:47,713 basehttp 7 140631745758912
"GET /assets/css/beating-transition.css HTTP/1.1" 200 597

INFO 2024-12-24 14:56:47,715 basehttp 7 140631756244672
"GET /assets/debug_toolbar/css/toolbar.css HTTP/1.1" 200 16675

INFO 2024-12-24 14:56:47,775 basehttp 7 140631655581376
"GET /assets/challenges/random_data/script.js HTTP/1.1" 200 6270

INFO 2024-12-24 14:56:47,808 basehttp 7 140631634609856
"GET /assets/img/banner.png HTTP/1.1" 200 178072

INFO 2024-12-24 14:56:50,756 basehttp 7 140631745758912
"GET /assets/debug_toolbar/js/utils.js HTTP/1.1" 200 4742

INFO 2024-12-24 14:56:51,017 basehttp 7 140631756244672
"GET /assets/debug_toolbar/css/print.css HTTP/1.1" 200 43

INFO 2024-12-24 14:56:52,015 basehttp 7 140631756244672
"GET /assets/img/favicon.ico HTTP/1.1" 200 130095

INFO 2024-12-24 14:57:24,129 basehttp 7 140631756244672
"GET /challenges/random-data HTTP/1.1" 200 19717

INFO 2024-12-24 14:57:26,096 basehttp 7 140631735273152
"GET /assets/debug_toolbar/js/toolbar.js HTTP/1.1" 200 14601

INFO 2024-12-24 14:57:26,097 basehttp 7 140631756244672
"GET /assets/css/base.css HTTP/1.1" 200 1218

INFO 2024-12-24 14:57:26,100 basehttp 7 140631655581376
"GET /assets/css/header.css HTTP/1.1" 200 468

INFO 2024-12-24 14:57:26,100 basehttp 7 140631745758912
"GET /assets/challenges/random_data/style.css HTTP/1.1" 200 443

INFO 2024-12-24 14:57:26,679 basehttp 7 140631756244672
"GET /assets/img/megacodist-3.png HTTP/1.1" 200 22201

INFO 2024-12-24 14:57:26,680 basehttp 7 140631735273152
"GET /assets/css/footer.css HTTP/1.1" 200 1166

INFO 2024-12-24 14:57:26,724 basehttp 7 140631655581376
"GET /assets/css/beating-transition.css HTTP/1.1" 200 597

INFO 2024-12-24 14:57:26,865 basehttp 7 140631745758912
"GET /assets/img/banner.png HTTP/1.1" 200 178072

INFO 2024-12-24 14:57:27,681 basehttp 7 140631655581376
"GET /assets/debug_toolbar/css/toolbar.css HTTP/1.1" 200 16675

INFO 2024-12-24 14:57:27,690 basehttp 7 140631735273152
"GET /assets/challenges/random_data/script.js HTTP/1.1" 200 6270

INFO 2024-12-24 14:57:27,708 basehttp 7 140631756244672
"GET /assets/debug_toolbar/css/print.css HTTP/1.1" 200 43

INFO 2024-12-24 14:57:29,314 basehttp 7 140631756244672
"GET /assets/debug_toolbar/js/utils.js HTTP/1.1" 200 4742

INFO 2024-12-24 14:57:31,325 basehttp 7 140631756244672
"GET /assets/img/favicon.ico HTTP/1.1" 200 130095

